Using pre-set license
Built from '2020.3/staging' branch; Version is '2020.3.4f1 (0abb6314276a) revision 703331'; Using compiler version '192528614'; Build Type 'Release'
OS: 'Windows 10 Pro; OS build 19041.867; Version 2004; 64bit' Language: 'ko' Physical Memory: 16335 MB
BatchMode: 1, IsHumanControllingUs: 0, StartBugReporterOnCrash: 0, Is64bit: 1, IsPro: 0

 COMMAND LINE ARGUMENTS:
C:\Program Files\2020.3.4f1\Editor\Unity.exe
-adb2
-batchMode
-noUpm
-name
AssetImportWorker0
-projectPath
C:/Users/user/Desktop/CommadPattern
-logFile
Logs/AssetImportWorker0.log
-srvPort
6640
Successfully changed project path to: C:/Users/user/Desktop/CommadPattern
C:/Users/user/Desktop/CommadPattern
Using Asset Import Pipeline V2.
Refreshing native plugins compatible for Editor in 36.38 ms, found 0 plugins.
Preloading 0 native plugins for Editor in 0.00 ms.
Initialize engine version: 2020.3.4f1 (0abb6314276a)
[Subsystems] Discovering subsystems at path C:/Program Files/2020.3.4f1/Editor/Data/Resources/UnitySubsystems
[Subsystems] Discovering subsystems at path C:/Users/user/Desktop/CommadPattern/Assets
GfxDevice: creating device client; threaded=0
Direct3D:
    Version:  Direct3D 11.0 [level 11.1]
    Renderer: Radeon RX 570 Series (ID=0x67df)
    Vendor:   
    VRAM:     8171 MB
    Driver:   27.20.1034.6
Initialize mono
Mono path[0] = 'C:/Program Files/2020.3.4f1/Editor/Data/Managed'
Mono path[1] = 'C:/Program Files/2020.3.4f1/Editor/Data/MonoBleedingEdge/lib/mono/unityjit'
Mono config path = 'C:/Program Files/2020.3.4f1/Editor/Data/MonoBleedingEdge/etc'
Using monoOptions --debugger-agent=transport=dt_socket,embedding=1,server=y,suspend=n,address=127.0.0.1:56824
Begin MonoManager ReloadAssembly
Registering precompiled unity dll's ...
Register platform support module: C:/Program Files/2020.3.4f1/Editor/Data/PlaybackEngines/WindowsStandaloneSupport/UnityEditor.WindowsStandalone.Extensions.dll
Registered in 0.005052 seconds.
Native extension for WindowsStandalone target not found
Refreshing native plugins compatible for Editor in 33.60 ms, found 0 plugins.
Preloading 0 native plugins for Editor in 0.00 ms.
Mono: successfully reloaded assembly
- Completed reload, in  1.962 seconds
Platform modules already initialized, skipping
Registering precompiled user dll's ...
Registered in 0.001538 seconds.
Begin MonoManager ReloadAssembly
Native extension for WindowsStandalone target not found
Refreshing native plugins compatible for Editor in 0.32 ms, found 0 plugins.
Preloading 0 native plugins for Editor in 0.00 ms.
Mono: successfully reloaded assembly
- Completed reload, in  1.426 seconds
Platform modules already initialized, skipping
========================================================================
Worker process is ready to serve import requests
Launched and connected shader compiler UnityShaderCompiler.exe after 0.12 seconds
Refreshing native plugins compatible for Editor in 0.31 ms, found 0 plugins.
Preloading 0 native plugins for Editor in 0.00 ms.
Unloading 1115 Unused Serialized files (Serialized files now loaded: 0)
System memory in use before: 59.8 MB.
System memory in use after: 59.8 MB.

Unloading 10 unused Assets to reduce memory usage. Loaded Objects now: 1557.
Total: 2.317300 ms (FindLiveObjects: 0.247200 ms CreateObjectMapping: 0.060900 ms MarkObjects: 1.907800 ms  DeleteObjects: 0.099700 ms)

========================================================================
Received Import Request.
  path: Assets
  artifactKey: Guid(00000000000000001000000000000000) Importer(815301076,1909f56bfc062723c751e8b465ee728b)
Start importing Assets using Guid(00000000000000001000000000000000) Importer(815301076,1909f56bfc062723c751e8b465ee728b)  -> (artifact id: '025e4f587c23674256bb898581e82961') in 0.010774 seconds
  Import took 0.014449 seconds .

========================================================================
Received Import Request.
  Time since last request: 50.783979 seconds.
  path: Assets/New Material.mat
  artifactKey: Guid(8a767db0c7a4cf54cb69348a87660837) Importer(815301076,1909f56bfc062723c751e8b465ee728b)
Start importing Assets/New Material.mat using Guid(8a767db0c7a4cf54cb69348a87660837) Importer(815301076,1909f56bfc062723c751e8b465ee728b)  -> (artifact id: 'd779f532e9f1b8278dddfd233eca2de3') in 0.188297 seconds
  Import took 0.191898 seconds .

========================================================================
Received Import Request.
  Time since last request: 763.084233 seconds.
  path: Assets/New Material.mat
  artifactKey: Guid(8a767db0c7a4cf54cb69348a87660837) Importer(815301076,1909f56bfc062723c751e8b465ee728b)
Start importing Assets/New Material.mat using Guid(8a767db0c7a4cf54cb69348a87660837) Importer(815301076,1909f56bfc062723c751e8b465ee728b)  -> (artifact id: 'f79dd773f0ef5299481743f1692db4fc') in 0.025292 seconds
  Import took 0.029225 seconds .

========================================================================
Received Import Request.
  Time since last request: 149.462881 seconds.
  path: Assets/CubeContorl.cs
  artifactKey: Guid(f37025bc46db1df48bfc813430433898) Importer(815301076,1909f56bfc062723c751e8b465ee728b)
Start importing Assets/CubeContorl.cs using Guid(f37025bc46db1df48bfc813430433898) Importer(815301076,1909f56bfc062723c751e8b465ee728b)  -> (artifact id: 'aac48ca248459d2ede377d00806c521d') in 0.022261 seconds
  Import took 0.029893 seconds .

========================================================================
Received Import Request.
  Time since last request: 0.108109 seconds.
  path: Assets/CubeContorl.cs
  artifactKey: Guid(f37025bc46db1df48bfc813430433898) Importer(815301076,1909f56bfc062723c751e8b465ee728b)
Start importing Assets/CubeContorl.cs using Guid(f37025bc46db1df48bfc813430433898) Importer(815301076,1909f56bfc062723c751e8b465ee728b)  -> (artifact id: 'aac48ca248459d2ede377d00806c521d') in 0.006329 seconds
  Import took 0.009657 seconds .

========================================================================
Received Prepare
Registering precompiled user dll's ...
Registered in 0.001179 seconds.
Begin MonoManager ReloadAssembly
Native extension for WindowsStandalone target not found
Refreshing native plugins compatible for Editor in 0.30 ms, found 0 plugins.
Preloading 0 native plugins for Editor in 0.00 ms.
Mono: successfully reloaded assembly
- Completed reload, in  1.380 seconds
Platform modules already initialized, skipping
Refreshing native plugins compatible for Editor in 0.45 ms, found 0 plugins.
Preloading 0 native plugins for Editor in 0.00 ms.
Unloading 1111 Unused Serialized files (Serialized files now loaded: 0)
System memory in use before: 63.0 MB.
System memory in use after: 63.1 MB.

Unloading 5 unused Assets to reduce memory usage. Loaded Objects now: 1601.
Total: 3.686000 ms (FindLiveObjects: 0.290500 ms CreateObjectMapping: 0.049000 ms MarkObjects: 3.269600 ms  DeleteObjects: 0.074600 ms)

========================================================================
Received Import Request.
  Time since last request: 1436.522350 seconds.
  path: Assets/Commad.cs
  artifactKey: Guid(0d87e5689d01ee5428e9a562fdb697cf) Importer(815301076,1909f56bfc062723c751e8b465ee728b)
Start importing Assets/Commad.cs using Guid(0d87e5689d01ee5428e9a562fdb697cf) Importer(815301076,1909f56bfc062723c751e8b465ee728b)  -> (artifact id: 'f00ed30aa52f93b60182cebbc5a0d931') in 0.012199 seconds
  Import took 0.016269 seconds .

========================================================================
Received Prepare
Registering precompiled user dll's ...
Registered in 0.001326 seconds.
Begin MonoManager ReloadAssembly
Native extension for WindowsStandalone target not found
Refreshing native plugins compatible for Editor in 0.30 ms, found 0 plugins.
Preloading 0 native plugins for Editor in 0.00 ms.
Mono: successfully reloaded assembly
- Completed reload, in  1.238 seconds
Platform modules already initialized, skipping
Refreshing native plugins compatible for Editor in 0.32 ms, found 0 plugins.
Preloading 0 native plugins for Editor in 0.00 ms.
Unloading 1112 Unused Serialized files (Serialized files now loaded: 0)
System memory in use before: 63.1 MB.
System memory in use after: 63.1 MB.

Unloading 5 unused Assets to reduce memory usage. Loaded Objects now: 1605.
Total: 2.176700 ms (FindLiveObjects: 0.225500 ms CreateObjectMapping: 0.040700 ms MarkObjects: 1.847300 ms  DeleteObjects: 0.061600 ms)

========================================================================
Received Import Request.
  Time since last request: 19.335351 seconds.
  path: Assets/KeySetting.cs
  artifactKey: Guid(4c902d79e22a9ba4f96c538d9a36d1c8) Importer(815301076,1909f56bfc062723c751e8b465ee728b)
Start importing Assets/KeySetting.cs using Guid(4c902d79e22a9ba4f96c538d9a36d1c8) Importer(815301076,1909f56bfc062723c751e8b465ee728b)  -> (artifact id: '7b2b9bc4ee203dc4d3670f9cf5367eb9') in 0.014942 seconds
  Import took 0.019391 seconds .

========================================================================
Received Prepare
Registering precompiled user dll's ...
Registered in 0.001700 seconds.
Begin MonoManager ReloadAssembly
Native extension for WindowsStandalone target not found
Refreshing native plugins compatible for Editor in 0.25 ms, found 0 plugins.
Preloading 0 native plugins for Editor in 0.00 ms.
Mono: successfully reloaded assembly
- Completed reload, in  1.296 seconds
Platform modules already initialized, skipping
Refreshing native plugins compatible for Editor in 0.30 ms, found 0 plugins.
Preloading 0 native plugins for Editor in 0.00 ms.
Unloading 1113 Unused Serialized files (Serialized files now loaded: 0)
System memory in use before: 63.1 MB.
System memory in use after: 63.2 MB.

Unloading 5 unused Assets to reduce memory usage. Loaded Objects now: 1609.
Total: 3.463200 ms (FindLiveObjects: 0.578400 ms CreateObjectMapping: 0.127900 ms MarkObjects: 2.652800 ms  DeleteObjects: 0.102200 ms)

========================================================================
Received Prepare
Registering precompiled user dll's ...
Registered in 0.001734 seconds.
Begin MonoManager ReloadAssembly
Native extension for WindowsStandalone target not found
Refreshing native plugins compatible for Editor in 0.34 ms, found 0 plugins.
Preloading 0 native plugins for Editor in 0.00 ms.
Mono: successfully reloaded assembly
- Completed reload, in  1.420 seconds
Platform modules already initialized, skipping
Refreshing native plugins compatible for Editor in 0.23 ms, found 0 plugins.
Preloading 0 native plugins for Editor in 0.00 ms.
Unloading 1113 Unused Serialized files (Serialized files now loaded: 0)
System memory in use before: 63.1 MB.
System memory in use after: 63.2 MB.

Unloading 5 unused Assets to reduce memory usage. Loaded Objects now: 1612.
Total: 2.961300 ms (FindLiveObjects: 0.229600 ms CreateObjectMapping: 0.050200 ms MarkObjects: 2.587300 ms  DeleteObjects: 0.091900 ms)

========================================================================
Received Import Request.
  Time since last request: 187.690733 seconds.
  path: Assets/KeySetting.cs
  artifactKey: Guid(4c902d79e22a9ba4f96c538d9a36d1c8) Importer(815301076,1909f56bfc062723c751e8b465ee728b)
Start importing Assets/KeySetting.cs using Guid(4c902d79e22a9ba4f96c538d9a36d1c8) Importer(815301076,1909f56bfc062723c751e8b465ee728b)  -> (artifact id: '30c5b8c88fbfbcc0d5b874729f7f29d5') in 0.008747 seconds
  Import took 0.011820 seconds .

========================================================================
Received Prepare
Registering precompiled user dll's ...
Registered in 0.001965 seconds.
Begin MonoManager ReloadAssembly
Native extension for WindowsStandalone target not found
Refreshing native plugins compatible for Editor in 0.40 ms, found 0 plugins.
Preloading 0 native plugins for Editor in 0.00 ms.
Mono: successfully reloaded assembly
- Completed reload, in  1.285 seconds
Platform modules already initialized, skipping
Refreshing native plugins compatible for Editor in 1.64 ms, found 0 plugins.
Preloading 0 native plugins for Editor in 0.00 ms.
Unloading 1113 Unused Serialized files (Serialized files now loaded: 0)
System memory in use before: 63.1 MB.
System memory in use after: 63.2 MB.

Unloading 5 unused Assets to reduce memory usage. Loaded Objects now: 1615.
Total: 2.721200 ms (FindLiveObjects: 0.287800 ms CreateObjectMapping: 0.055100 ms MarkObjects: 2.297200 ms  DeleteObjects: 0.079700 ms)

========================================================================
Received Import Request.
  Time since last request: 73.339561 seconds.
  path: Assets/KeySetting.cs
  artifactKey: Guid(4c902d79e22a9ba4f96c538d9a36d1c8) Importer(815301076,1909f56bfc062723c751e8b465ee728b)
Start importing Assets/KeySetting.cs using Guid(4c902d79e22a9ba4f96c538d9a36d1c8) Importer(815301076,1909f56bfc062723c751e8b465ee728b)  -> (artifact id: '95406b6cca1eb893f6726146cd954a8f') in 0.009189 seconds
  Import took 0.016142 seconds .

========================================================================
Received Import Request.
  Time since last request: 2.446440 seconds.
  path: Assets/KeySetting.cs
  artifactKey: Guid(4c902d79e22a9ba4f96c538d9a36d1c8) Importer(815301076,1909f56bfc062723c751e8b465ee728b)
Start importing Assets/KeySetting.cs using Guid(4c902d79e22a9ba4f96c538d9a36d1c8) Importer(815301076,1909f56bfc062723c751e8b465ee728b)  -> (artifact id: '95406b6cca1eb893f6726146cd954a8f') in 0.006497 seconds
  Import took 0.009133 seconds .

========================================================================
Received Prepare
Registering precompiled user dll's ...
Registered in 0.001161 seconds.
Begin MonoManager ReloadAssembly
Native extension for WindowsStandalone target not found
Refreshing native plugins compatible for Editor in 0.29 ms, found 0 plugins.
Preloading 0 native plugins for Editor in 0.00 ms.
Mono: successfully reloaded assembly
- Completed reload, in  1.328 seconds
Platform modules already initialized, skipping
Refreshing native plugins compatible for Editor in 0.27 ms, found 0 plugins.
Preloading 0 native plugins for Editor in 0.00 ms.
Unloading 1113 Unused Serialized files (Serialized files now loaded: 0)
System memory in use before: 63.1 MB.
System memory in use after: 63.2 MB.

Unloading 5 unused Assets to reduce memory usage. Loaded Objects now: 1618.
Total: 2.646500 ms (FindLiveObjects: 0.164300 ms CreateObjectMapping: 0.029500 ms MarkObjects: 2.374600 ms  DeleteObjects: 0.076800 ms)

========================================================================
Received Import Request.
  Time since last request: 20.177506 seconds.
  path: Assets/KeySetting.cs
  artifactKey: Guid(4c902d79e22a9ba4f96c538d9a36d1c8) Importer(815301076,1909f56bfc062723c751e8b465ee728b)
Start importing Assets/KeySetting.cs using Guid(4c902d79e22a9ba4f96c538d9a36d1c8) Importer(815301076,1909f56bfc062723c751e8b465ee728b)  -> (artifact id: 'd977a93072b36dd669fef9e6d3c628c0') in 0.008099 seconds
  Import took 0.011293 seconds .

========================================================================
Received Prepare
Registering precompiled user dll's ...
Registered in 0.001311 seconds.
Begin MonoManager ReloadAssembly
Native extension for WindowsStandalone target not found
Refreshing native plugins compatible for Editor in 0.41 ms, found 0 plugins.
Preloading 0 native plugins for Editor in 0.00 ms.
Mono: successfully reloaded assembly
- Completed reload, in  1.275 seconds
Platform modules already initialized, skipping
Refreshing native plugins compatible for Editor in 0.23 ms, found 0 plugins.
Preloading 0 native plugins for Editor in 0.00 ms.
Unloading 1113 Unused Serialized files (Serialized files now loaded: 0)
System memory in use before: 63.1 MB.
System memory in use after: 63.2 MB.

Unloading 5 unused Assets to reduce memory usage. Loaded Objects now: 1621.
Total: 2.087600 ms (FindLiveObjects: 0.174200 ms CreateObjectMapping: 0.031700 ms MarkObjects: 1.810700 ms  DeleteObjects: 0.069600 ms)

========================================================================
Received Prepare
Registering precompiled user dll's ...
Registered in 0.002275 seconds.
Begin MonoManager ReloadAssembly
Native extension for WindowsStandalone target not found
Refreshing native plugins compatible for Editor in 0.43 ms, found 0 plugins.
Preloading 0 native plugins for Editor in 0.00 ms.
Mono: successfully reloaded assembly
- Completed reload, in  1.303 seconds
Platform modules already initialized, skipping
Refreshing native plugins compatible for Editor in 0.34 ms, found 0 plugins.
Preloading 0 native plugins for Editor in 0.00 ms.
Unloading 1113 Unused Serialized files (Serialized files now loaded: 0)
System memory in use before: 63.1 MB.
System memory in use after: 63.2 MB.

Unloading 5 unused Assets to reduce memory usage. Loaded Objects now: 1624.
Total: 3.118700 ms (FindLiveObjects: 0.269400 ms CreateObjectMapping: 0.068800 ms MarkObjects: 2.696700 ms  DeleteObjects: 0.081100 ms)

========================================================================
Received Import Request.
  Time since last request: 863.955965 seconds.
  path: Assets/ButtonEffect.cs
  artifactKey: Guid(27c5247e2bc939541a9d595ce041ea07) Importer(815301076,1909f56bfc062723c751e8b465ee728b)
Start importing Assets/ButtonEffect.cs using Guid(27c5247e2bc939541a9d595ce041ea07) Importer(815301076,1909f56bfc062723c751e8b465ee728b)  -> (artifact id: 'bbc1dc29a296da957b94bbc00a41185e') in 0.011558 seconds
  Import took 0.015717 seconds .

========================================================================
Received Prepare
Registering precompiled user dll's ...
Registered in 0.001196 seconds.
Begin MonoManager ReloadAssembly
Native extension for WindowsStandalone target not found
Refreshing native plugins compatible for Editor in 0.28 ms, found 0 plugins.
Preloading 0 native plugins for Editor in 0.00 ms.
Mono: successfully reloaded assembly
- Completed reload, in  1.461 seconds
Platform modules already initialized, skipping
Refreshing native plugins compatible for Editor in 0.29 ms, found 0 plugins.
Preloading 0 native plugins for Editor in 0.00 ms.
Unloading 1114 Unused Serialized files (Serialized files now loaded: 0)
System memory in use before: 63.2 MB.
System memory in use after: 63.2 MB.

Unloading 5 unused Assets to reduce memory usage. Loaded Objects now: 1628.
Total: 2.266900 ms (FindLiveObjects: 0.235500 ms CreateObjectMapping: 0.039200 ms MarkObjects: 1.928800 ms  DeleteObjects: 0.061700 ms)

========================================================================
Received Prepare
Registering precompiled user dll's ...
Registered in 0.001436 seconds.
Begin MonoManager ReloadAssembly
Native extension for WindowsStandalone target not found
Refreshing native plugins compatible for Editor in 0.51 ms, found 0 plugins.
Preloading 0 native plugins for Editor in 0.00 ms.
Mono: successfully reloaded assembly
- Completed reload, in  1.433 seconds
Platform modules already initialized, skipping
Refreshing native plugins compatible for Editor in 0.21 ms, found 0 plugins.
Preloading 0 native plugins for Editor in 0.00 ms.
Unloading 1114 Unused Serialized files (Serialized files now loaded: 0)
System memory in use before: 63.2 MB.
System memory in use after: 63.2 MB.

Unloading 5 unused Assets to reduce memory usage. Loaded Objects now: 1631.
Total: 2.365100 ms (FindLiveObjects: 0.217400 ms CreateObjectMapping: 0.039200 ms MarkObjects: 2.037800 ms  DeleteObjects: 0.069500 ms)

========================================================================
Received Prepare
Registering precompiled user dll's ...
Registered in 0.001825 seconds.
Begin MonoManager ReloadAssembly
Native extension for WindowsStandalone target not found
Refreshing native plugins compatible for Editor in 0.38 ms, found 0 plugins.
Preloading 0 native plugins for Editor in 0.00 ms.
Mono: successfully reloaded assembly
- Completed reload, in  1.720 seconds
Platform modules already initialized, skipping
Refreshing native plugins compatible for Editor in 0.43 ms, found 0 plugins.
Preloading 0 native plugins for Editor in 0.00 ms.
Unloading 1114 Unused Serialized files (Serialized files now loaded: 0)
System memory in use before: 63.2 MB.
System memory in use after: 63.3 MB.

Unloading 5 unused Assets to reduce memory usage. Loaded Objects now: 1634.
Total: 3.670600 ms (FindLiveObjects: 0.294700 ms CreateObjectMapping: 0.047700 ms MarkObjects: 3.239000 ms  DeleteObjects: 0.087400 ms)

========================================================================
Received Prepare
Registering precompiled user dll's ...
Registered in 0.001592 seconds.
Begin MonoManager ReloadAssembly
Native extension for WindowsStandalone target not found
Refreshing native plugins compatible for Editor in 0.28 ms, found 0 plugins.
Preloading 0 native plugins for Editor in 0.00 ms.
Mono: successfully reloaded assembly
- Completed reload, in  1.345 seconds
Platform modules already initialized, skipping
Refreshing native plugins compatible for Editor in 0.28 ms, found 0 plugins.
Preloading 0 native plugins for Editor in 0.00 ms.
Unloading 1114 Unused Serialized files (Serialized files now loaded: 0)
System memory in use before: 63.2 MB.
System memory in use after: 63.3 MB.

Unloading 5 unused Assets to reduce memory usage. Loaded Objects now: 1637.
Total: 2.026100 ms (FindLiveObjects: 0.246500 ms CreateObjectMapping: 0.038100 ms MarkObjects: 1.680400 ms  DeleteObjects: 0.059600 ms)

========================================================================
Received Prepare
Registering precompiled user dll's ...
Registered in 0.001573 seconds.
Begin MonoManager ReloadAssembly
Native extension for WindowsStandalone target not found
Refreshing native plugins compatible for Editor in 0.29 ms, found 0 plugins.
Preloading 0 native plugins for Editor in 0.00 ms.
Mono: successfully reloaded assembly
- Completed reload, in  1.425 seconds
Platform modules already initialized, skipping
Refreshing native plugins compatible for Editor in 0.46 ms, found 0 plugins.
Preloading 0 native plugins for Editor in 0.00 ms.
Unloading 1114 Unused Serialized files (Serialized files now loaded: 0)
System memory in use before: 63.2 MB.
System memory in use after: 63.3 MB.

Unloading 5 unused Assets to reduce memory usage. Loaded Objects now: 1640.
Total: 4.936800 ms (FindLiveObjects: 0.288000 ms CreateObjectMapping: 0.055400 ms MarkObjects: 4.518100 ms  DeleteObjects: 0.073100 ms)

========================================================================
Received Prepare
Registering precompiled user dll's ...
Registered in 0.001646 seconds.
Begin MonoManager ReloadAssembly
Native extension for WindowsStandalone target not found
Refreshing native plugins compatible for Editor in 0.34 ms, found 0 plugins.
Preloading 0 native plugins for Editor in 0.00 ms.
Mono: successfully reloaded assembly
- Completed reload, in  1.663 seconds
Platform modules already initialized, skipping
Refreshing native plugins compatible for Editor in 2.81 ms, found 0 plugins.
Preloading 0 native plugins for Editor in 0.00 ms.
Unloading 1114 Unused Serialized files (Serialized files now loaded: 0)
System memory in use before: 63.2 MB.
System memory in use after: 63.3 MB.

Unloading 5 unused Assets to reduce memory usage. Loaded Objects now: 1643.
Total: 2.548500 ms (FindLiveObjects: 0.215800 ms CreateObjectMapping: 0.036100 ms MarkObjects: 2.230100 ms  DeleteObjects: 0.064900 ms)

========================================================================
Received Prepare
Registering precompiled user dll's ...
Registered in 0.001463 seconds.
Begin MonoManager ReloadAssembly
Native extension for WindowsStandalone target not found
Refreshing native plugins compatible for Editor in 0.43 ms, found 0 plugins.
Preloading 0 native plugins for Editor in 0.00 ms.
Mono: successfully reloaded assembly
- Completed reload, in  1.348 seconds
Platform modules already initialized, skipping
Refreshing native plugins compatible for Editor in 0.27 ms, found 0 plugins.
Preloading 0 native plugins for Editor in 0.00 ms.
Unloading 1114 Unused Serialized files (Serialized files now loaded: 0)
System memory in use before: 63.2 MB.
System memory in use after: 63.3 MB.

Unloading 5 unused Assets to reduce memory usage. Loaded Objects now: 1646.
Total: 3.014200 ms (FindLiveObjects: 0.264800 ms CreateObjectMapping: 0.039200 ms MarkObjects: 2.632100 ms  DeleteObjects: 0.076200 ms)

========================================================================
Received Prepare
Registering precompiled user dll's ...
Registered in 0.001306 seconds.
Begin MonoManager ReloadAssembly
Native extension for WindowsStandalone target not found
Refreshing native plugins compatible for Editor in 0.23 ms, found 0 plugins.
Preloading 0 native plugins for Editor in 0.00 ms.
Mono: successfully reloaded assembly
- Completed reload, in  1.299 seconds
Platform modules already initialized, skipping
Refreshing native plugins compatible for Editor in 0.28 ms, found 0 plugins.
Preloading 0 native plugins for Editor in 0.00 ms.
Unloading 1114 Unused Serialized files (Serialized files now loaded: 0)
System memory in use before: 63.2 MB.
System memory in use after: 63.3 MB.

Unloading 5 unused Assets to reduce memory usage. Loaded Objects now: 1649.
Total: 4.530500 ms (FindLiveObjects: 0.283900 ms CreateObjectMapping: 0.055800 ms MarkObjects: 4.114600 ms  DeleteObjects: 0.074400 ms)

========================================================================
Received Prepare
Registering precompiled user dll's ...
Registered in 0.001177 seconds.
Begin MonoManager ReloadAssembly
Native extension for WindowsStandalone target not found
Refreshing native plugins compatible for Editor in 0.21 ms, found 0 plugins.
Preloading 0 native plugins for Editor in 0.00 ms.
Mono: successfully reloaded assembly
- Completed reload, in  1.369 seconds
Platform modules already initialized, skipping
Refreshing native plugins compatible for Editor in 0.38 ms, found 0 plugins.
Preloading 0 native plugins for Editor in 0.00 ms.
Unloading 1114 Unused Serialized files (Serialized files now loaded: 0)
System memory in use before: 63.3 MB.
System memory in use after: 63.3 MB.

Unloading 5 unused Assets to reduce memory usage. Loaded Objects now: 1652.
Total: 2.976100 ms (FindLiveObjects: 0.303000 ms CreateObjectMapping: 0.049700 ms MarkObjects: 2.537500 ms  DeleteObjects: 0.084000 ms)

========================================================================
Received Prepare
Registering precompiled user dll's ...
Registered in 0.003051 seconds.
Begin MonoManager ReloadAssembly
Native extension for WindowsStandalone target not found
Refreshing native plugins compatible for Editor in 0.31 ms, found 0 plugins.
Preloading 0 native plugins for Editor in 0.00 ms.
Mono: successfully reloaded assembly
- Completed reload, in  1.439 seconds
Platform modules already initialized, skipping
Refreshing native plugins compatible for Editor in 0.21 ms, found 0 plugins.
Preloading 0 native plugins for Editor in 0.00 ms.
Unloading 1114 Unused Serialized files (Serialized files now loaded: 0)
System memory in use before: 63.3 MB.
System memory in use after: 63.3 MB.

Unloading 5 unused Assets to reduce memory usage. Loaded Objects now: 1655.
Total: 2.097200 ms (FindLiveObjects: 0.270300 ms CreateObjectMapping: 0.055400 ms MarkObjects: 1.708000 ms  DeleteObjects: 0.062400 ms)

========================================================================
Received Prepare
Registering precompiled user dll's ...
Registered in 0.003075 seconds.
Begin MonoManager ReloadAssembly
Native extension for WindowsStandalone target not found
Refreshing native plugins compatible for Editor in 0.29 ms, found 0 plugins.
Preloading 0 native plugins for Editor in 0.00 ms.
Mono: successfully reloaded assembly
- Completed reload, in  1.441 seconds
Platform modules already initialized, skipping
Refreshing native plugins compatible for Editor in 0.29 ms, found 0 plugins.
Preloading 0 native plugins for Editor in 0.00 ms.
Unloading 1114 Unused Serialized files (Serialized files now loaded: 0)
System memory in use before: 63.3 MB.
System memory in use after: 63.3 MB.

Unloading 5 unused Assets to reduce memory usage. Loaded Objects now: 1658.
Total: 6.174700 ms (FindLiveObjects: 1.812100 ms CreateObjectMapping: 0.366600 ms MarkObjects: 3.922000 ms  DeleteObjects: 0.072600 ms)

========================================================================
Received Prepare
Registering precompiled user dll's ...
Registered in 0.001455 seconds.
Begin MonoManager ReloadAssembly
Native extension for WindowsStandalone target not found
Refreshing native plugins compatible for Editor in 0.31 ms, found 0 plugins.
Preloading 0 native plugins for Editor in 0.00 ms.
Mono: successfully reloaded assembly
- Completed reload, in  1.317 seconds
Platform modules already initialized, skipping
Refreshing native plugins compatible for Editor in 0.40 ms, found 0 plugins.
Preloading 0 native plugins for Editor in 0.00 ms.
Unloading 1114 Unused Serialized files (Serialized files now loaded: 0)
System memory in use before: 63.3 MB.
System memory in use after: 63.3 MB.

Unloading 5 unused Assets to reduce memory usage. Loaded Objects now: 1661.
Total: 4.861800 ms (FindLiveObjects: 1.836400 ms CreateObjectMapping: 0.121800 ms MarkObjects: 2.819000 ms  DeleteObjects: 0.082800 ms)

========================================================================
Received Prepare
Registering precompiled user dll's ...
Registered in 0.001404 seconds.
Begin MonoManager ReloadAssembly
Native extension for WindowsStandalone target not found
Refreshing native plugins compatible for Editor in 0.40 ms, found 0 plugins.
Preloading 0 native plugins for Editor in 0.00 ms.
Mono: successfully reloaded assembly
- Completed reload, in  1.592 seconds
Platform modules already initialized, skipping
Refreshing native plugins compatible for Editor in 0.35 ms, found 0 plugins.
Preloading 0 native plugins for Editor in 0.00 ms.
Unloading 1114 Unused Serialized files (Serialized files now loaded: 0)
System memory in use before: 63.3 MB.
System memory in use after: 63.4 MB.

Unloading 5 unused Assets to reduce memory usage. Loaded Objects now: 1664.
Total: 5.560600 ms (FindLiveObjects: 0.289100 ms CreateObjectMapping: 0.052200 ms MarkObjects: 5.143600 ms  DeleteObjects: 0.074300 ms)

========================================================================
Received Prepare
Registering precompiled user dll's ...
Registered in 0.001336 seconds.
Begin MonoManager ReloadAssembly
Native extension for WindowsStandalone target not found
Refreshing native plugins compatible for Editor in 0.33 ms, found 0 plugins.
Preloading 0 native plugins for Editor in 0.00 ms.
Mono: successfully reloaded assembly
- Completed reload, in  1.401 seconds
Platform modules already initialized, skipping
Refreshing native plugins compatible for Editor in 0.34 ms, found 0 plugins.
Preloading 0 native plugins for Editor in 0.00 ms.
Unloading 1114 Unused Serialized files (Serialized files now loaded: 0)
System memory in use before: 63.3 MB.
System memory in use after: 63.4 MB.

Unloading 5 unused Assets to reduce memory usage. Loaded Objects now: 1667.
Total: 3.540900 ms (FindLiveObjects: 0.238200 ms CreateObjectMapping: 0.037200 ms MarkObjects: 3.182500 ms  DeleteObjects: 0.081400 ms)

========================================================================
Received Prepare
Registering precompiled user dll's ...
Registered in 0.002333 seconds.
Begin MonoManager ReloadAssembly
Native extension for WindowsStandalone target not found
Refreshing native plugins compatible for Editor in 0.52 ms, found 0 plugins.
Preloading 0 native plugins for Editor in 0.00 ms.
Mono: successfully reloaded assembly
- Completed reload, in  1.645 seconds
Platform modules already initialized, skipping
Refreshing native plugins compatible for Editor in 0.30 ms, found 0 plugins.
Preloading 0 native plugins for Editor in 0.00 ms.
Unloading 1114 Unused Serialized files (Serialized files now loaded: 0)
System memory in use before: 63.3 MB.
System memory in use after: 63.4 MB.

Unloading 5 unused Assets to reduce memory usage. Loaded Objects now: 1670.
Total: 3.285100 ms (FindLiveObjects: 0.275000 ms CreateObjectMapping: 0.053300 ms MarkObjects: 2.823000 ms  DeleteObjects: 0.131800 ms)

========================================================================
Received Prepare
Registering precompiled user dll's ...
Registered in 0.001086 seconds.
Begin MonoManager ReloadAssembly
Native extension for WindowsStandalone target not found
Refreshing native plugins compatible for Editor in 0.24 ms, found 0 plugins.
Preloading 0 native plugins for Editor in 0.00 ms.
Mono: successfully reloaded assembly
- Completed reload, in  1.248 seconds
Platform modules already initialized, skipping
Refreshing native plugins compatible for Editor in 0.30 ms, found 0 plugins.
Preloading 0 native plugins for Editor in 0.00 ms.
Unloading 1114 Unused Serialized files (Serialized files now loaded: 0)
System memory in use before: 63.3 MB.
System memory in use after: 63.4 MB.

Unloading 5 unused Assets to reduce memory usage. Loaded Objects now: 1673.
Total: 2.130700 ms (FindLiveObjects: 0.190300 ms CreateObjectMapping: 0.036100 ms MarkObjects: 1.840600 ms  DeleteObjects: 0.062400 ms)

========================================================================
Received Prepare
Registering precompiled user dll's ...
Registered in 0.001232 seconds.
Begin MonoManager ReloadAssembly
Native extension for WindowsStandalone target not found
Refreshing native plugins compatible for Editor in 0.24 ms, found 0 plugins.
Preloading 0 native plugins for Editor in 0.00 ms.
Mono: successfully reloaded assembly
- Completed reload, in  1.325 seconds
Platform modules already initialized, skipping
Refreshing native plugins compatible for Editor in 0.35 ms, found 0 plugins.
Preloading 0 native plugins for Editor in 0.00 ms.
Unloading 1114 Unused Serialized files (Serialized files now loaded: 0)
System memory in use before: 63.3 MB.
System memory in use after: 63.4 MB.

Unloading 5 unused Assets to reduce memory usage. Loaded Objects now: 1676.
Total: 7.913900 ms (FindLiveObjects: 0.286900 ms CreateObjectMapping: 0.054400 ms MarkObjects: 7.486800 ms  DeleteObjects: 0.083300 ms)

========================================================================
Received Prepare
Registering precompiled user dll's ...
Registered in 0.001949 seconds.
Begin MonoManager ReloadAssembly
Native extension for WindowsStandalone target not found
Refreshing native plugins compatible for Editor in 0.37 ms, found 0 plugins.
Preloading 0 native plugins for Editor in 0.00 ms.
Mono: successfully reloaded assembly
- Completed reload, in  1.425 seconds
Platform modules already initialized, skipping
Refreshing native plugins compatible for Editor in 0.29 ms, found 0 plugins.
Preloading 0 native plugins for Editor in 0.00 ms.
Unloading 1114 Unused Serialized files (Serialized files now loaded: 0)
System memory in use before: 63.3 MB.
System memory in use after: 63.4 MB.

Unloading 5 unused Assets to reduce memory usage. Loaded Objects now: 1679.
Total: 2.181500 ms (FindLiveObjects: 0.246800 ms CreateObjectMapping: 0.037900 ms MarkObjects: 1.834800 ms  DeleteObjects: 0.061000 ms)

========================================================================
Received Prepare
Registering precompiled user dll's ...
Registered in 0.002990 seconds.
Begin MonoManager ReloadAssembly
Native extension for WindowsStandalone target not found
Refreshing native plugins compatible for Editor in 0.32 ms, found 0 plugins.
Preloading 0 native plugins for Editor in 0.00 ms.
Mono: successfully reloaded assembly
- Completed reload, in  1.387 seconds
Platform modules already initialized, skipping
Refreshing native plugins compatible for Editor in 0.27 ms, found 0 plugins.
Preloading 0 native plugins for Editor in 0.00 ms.
Unloading 1114 Unused Serialized files (Serialized files now loaded: 0)
System memory in use before: 63.3 MB.
System memory in use after: 63.4 MB.

Unloading 5 unused Assets to reduce memory usage. Loaded Objects now: 1682.
Total: 2.009900 ms (FindLiveObjects: 0.208600 ms CreateObjectMapping: 0.037000 ms MarkObjects: 1.698300 ms  DeleteObjects: 0.064800 ms)

========================================================================
Received Prepare
Registering precompiled user dll's ...
Registered in 0.002666 seconds.
Begin MonoManager ReloadAssembly
Native extension for WindowsStandalone target not found
Refreshing native plugins compatible for Editor in 0.50 ms, found 0 plugins.
Preloading 0 native plugins for Editor in 0.00 ms.
Mono: successfully reloaded assembly
- Completed reload, in  1.376 seconds
Platform modules already initialized, skipping
Refreshing native plugins compatible for Editor in 0.31 ms, found 0 plugins.
Preloading 0 native plugins for Editor in 0.00 ms.
Unloading 1114 Unused Serialized files (Serialized files now loaded: 0)
System memory in use before: 63.3 MB.
System memory in use after: 63.4 MB.

Unloading 5 unused Assets to reduce memory usage. Loaded Objects now: 1685.
Total: 1.990300 ms (FindLiveObjects: 0.269100 ms CreateObjectMapping: 0.045100 ms MarkObjects: 1.616800 ms  DeleteObjects: 0.058100 ms)

========================================================================
Received Prepare
Registering precompiled user dll's ...
Registered in 0.001020 seconds.
Begin MonoManager ReloadAssembly
Native extension for WindowsStandalone target not found
Refreshing native plugins compatible for Editor in 0.32 ms, found 0 plugins.
Preloading 0 native plugins for Editor in 0.00 ms.
Mono: successfully reloaded assembly
- Completed reload, in  1.295 seconds
Platform modules already initialized, skipping
Refreshing native plugins compatible for Editor in 0.23 ms, found 0 plugins.
Preloading 0 native plugins for Editor in 0.00 ms.
Unloading 1114 Unused Serialized files (Serialized files now loaded: 0)
System memory in use before: 63.3 MB.
System memory in use after: 63.4 MB.

Unloading 5 unused Assets to reduce memory usage. Loaded Objects now: 1688.
Total: 2.149500 ms (FindLiveObjects: 0.271800 ms CreateObjectMapping: 0.039900 ms MarkObjects: 1.773500 ms  DeleteObjects: 0.060200 ms)

========================================================================
Received Prepare
Registering precompiled user dll's ...
Registered in 0.003766 seconds.
Begin MonoManager ReloadAssembly
Native extension for WindowsStandalone target not found
Refreshing native plugins compatible for Editor in 0.28 ms, found 0 plugins.
Preloading 0 native plugins for Editor in 0.00 ms.
Mono: successfully reloaded assembly
- Completed reload, in  1.361 seconds
Platform modules already initialized, skipping
Refreshing native plugins compatible for Editor in 0.94 ms, found 0 plugins.
Preloading 0 native plugins for Editor in 0.00 ms.
Unloading 1114 Unused Serialized files (Serialized files now loaded: 0)
System memory in use before: 63.3 MB.
System memory in use after: 63.4 MB.

Unloading 5 unused Assets to reduce memory usage. Loaded Objects now: 1691.
Total: 4.918300 ms (FindLiveObjects: 0.291300 ms CreateObjectMapping: 0.056300 ms MarkObjects: 4.471600 ms  DeleteObjects: 0.096800 ms)

========================================================================
Received Prepare
Registering precompiled user dll's ...
Registered in 0.006221 seconds.
Begin MonoManager ReloadAssembly
Native extension for WindowsStandalone target not found
Refreshing native plugins compatible for Editor in 0.61 ms, found 0 plugins.
Preloading 0 native plugins for Editor in 0.00 ms.
Mono: successfully reloaded assembly
- Completed reload, in  1.743 seconds
Platform modules already initialized, skipping
Refreshing native plugins compatible for Editor in 0.39 ms, found 0 plugins.
Preloading 0 native plugins for Editor in 0.00 ms.
Unloading 1117 Unused Serialized files (Serialized files now loaded: 0)
System memory in use before: 63.5 MB.
System memory in use after: 63.5 MB.

Unloading 8 unused Assets to reduce memory usage. Loaded Objects now: 1694.
Total: 4.285200 ms (FindLiveObjects: 0.225600 ms CreateObjectMapping: 0.040600 ms MarkObjects: 3.780000 ms  DeleteObjects: 0.237200 ms)

========================================================================
Received Import Request.
  Time since last request: 5938.228697 seconds.
  path: Assets/Save.cs
  artifactKey: Guid(c09f360fdb371d34ea943a33bb19844f) Importer(815301076,1909f56bfc062723c751e8b465ee728b)
Start importing Assets/Save.cs using Guid(c09f360fdb371d34ea943a33bb19844f) Importer(815301076,1909f56bfc062723c751e8b465ee728b)  -> (artifact id: '9c2df7b13fe1f16299619502da09a618') in 0.013187 seconds
  Import took 0.016544 seconds .

========================================================================
Received Prepare
Registering precompiled user dll's ...
Registered in 0.005044 seconds.
Begin MonoManager ReloadAssembly
Native extension for WindowsStandalone target not found
Refreshing native plugins compatible for Editor in 0.52 ms, found 0 plugins.
Preloading 0 native plugins for Editor in 0.00 ms.
Mono: successfully reloaded assembly
- Completed reload, in  1.474 seconds
Platform modules already initialized, skipping
Refreshing native plugins compatible for Editor in 0.74 ms, found 0 plugins.
Preloading 0 native plugins for Editor in 0.00 ms.
Unloading 1118 Unused Serialized files (Serialized files now loaded: 0)
System memory in use before: 63.5 MB.
System memory in use after: 63.6 MB.

Unloading 8 unused Assets to reduce memory usage. Loaded Objects now: 1698.
Total: 6.288800 ms (FindLiveObjects: 0.383100 ms CreateObjectMapping: 0.074100 ms MarkObjects: 5.731500 ms  DeleteObjects: 0.097200 ms)

========================================================================
Received Import Request.
  Time since last request: 1045.765479 seconds.
  path: Assets/Save.cs
  artifactKey: Guid(c09f360fdb371d34ea943a33bb19844f) Importer(815301076,1909f56bfc062723c751e8b465ee728b)
Start importing Assets/Save.cs using Guid(c09f360fdb371d34ea943a33bb19844f) Importer(815301076,1909f56bfc062723c751e8b465ee728b)  -> (artifact id: '9108c1981d8e492d6b020595439cdba2') in 0.007925 seconds
  Import took 0.012756 seconds .

========================================================================
Received Prepare
Registering precompiled user dll's ...
Registered in 0.005722 seconds.
Begin MonoManager ReloadAssembly
Native extension for WindowsStandalone target not found
Refreshing native plugins compatible for Editor in 0.36 ms, found 0 plugins.
Preloading 0 native plugins for Editor in 0.00 ms.
Mono: successfully reloaded assembly
- Completed reload, in  1.097 seconds
Platform modules already initialized, skipping
Refreshing native plugins compatible for Editor in 0.24 ms, found 0 plugins.
Preloading 0 native plugins for Editor in 0.00 ms.
Unloading 1119 Unused Serialized files (Serialized files now loaded: 0)
System memory in use before: 63.5 MB.
System memory in use after: 63.6 MB.

Unloading 8 unused Assets to reduce memory usage. Loaded Objects now: 1702.
Total: 1.869400 ms (FindLiveObjects: 0.237700 ms CreateObjectMapping: 0.032500 ms MarkObjects: 1.536800 ms  DeleteObjects: 0.060600 ms)

========================================================================
Received Import Request.
  Time since last request: 56.061330 seconds.
  path: Assets/Save.cs
  artifactKey: Guid(c09f360fdb371d34ea943a33bb19844f) Importer(815301076,1909f56bfc062723c751e8b465ee728b)
Start importing Assets/Save.cs using Guid(c09f360fdb371d34ea943a33bb19844f) Importer(815301076,1909f56bfc062723c751e8b465ee728b)  -> (artifact id: 'dea70c9ac2dc0c5a8154b5e6cb34e96e') in 0.006239 seconds
  Import took 0.008605 seconds .

========================================================================
Received Prepare
Registering precompiled user dll's ...
Registered in 0.008953 seconds.
Begin MonoManager ReloadAssembly
Native extension for WindowsStandalone target not found
Refreshing native plugins compatible for Editor in 0.29 ms, found 0 plugins.
Preloading 0 native plugins for Editor in 0.00 ms.
Mono: successfully reloaded assembly
- Completed reload, in  1.171 seconds
Platform modules already initialized, skipping
Refreshing native plugins compatible for Editor in 0.23 ms, found 0 plugins.
Preloading 0 native plugins for Editor in 0.00 ms.
Unloading 1119 Unused Serialized files (Serialized files now loaded: 0)
System memory in use before: 63.5 MB.
System memory in use after: 63.6 MB.

Unloading 8 unused Assets to reduce memory usage. Loaded Objects now: 1705.
Total: 2.273800 ms (FindLiveObjects: 0.219300 ms CreateObjectMapping: 0.061800 ms MarkObjects: 1.899100 ms  DeleteObjects: 0.092200 ms)

========================================================================
Received Import Request.
  Time since last request: 14636.554005 seconds.
  path: Assets/Save.cs
  artifactKey: Guid(c09f360fdb371d34ea943a33bb19844f) Importer(815301076,1909f56bfc062723c751e8b465ee728b)
Start importing Assets/Save.cs using Guid(c09f360fdb371d34ea943a33bb19844f) Importer(815301076,1909f56bfc062723c751e8b465ee728b)  -> (artifact id: '5455f7372cd1ce6dc262338cb0ab7505') in 0.010291 seconds
  Import took 0.012963 seconds .

========================================================================
Received Prepare
Registering precompiled user dll's ...
Registered in 0.005595 seconds.
Begin MonoManager ReloadAssembly
Native extension for WindowsStandalone target not found
Refreshing native plugins compatible for Editor in 0.30 ms, found 0 plugins.
Preloading 0 native plugins for Editor in 0.00 ms.
Mono: successfully reloaded assembly
- Completed reload, in  1.130 seconds
Platform modules already initialized, skipping
Refreshing native plugins compatible for Editor in 0.30 ms, found 0 plugins.
Preloading 0 native plugins for Editor in 0.00 ms.
Unloading 1119 Unused Serialized files (Serialized files now loaded: 0)
System memory in use before: 63.5 MB.
System memory in use after: 63.6 MB.

Unloading 8 unused Assets to reduce memory usage. Loaded Objects now: 1708.
Total: 2.575900 ms (FindLiveObjects: 0.234500 ms CreateObjectMapping: 0.038100 ms MarkObjects: 2.233900 ms  DeleteObjects: 0.068200 ms)

========================================================================
Received Import Request.
  Time since last request: 79.273979 seconds.
  path: Assets/key.cfg
  artifactKey: Guid(fabd9fa3281d03f4dbe2481a227fd49b) Importer(815301076,1909f56bfc062723c751e8b465ee728b)
Start importing Assets/key.cfg using Guid(fabd9fa3281d03f4dbe2481a227fd49b) Importer(815301076,1909f56bfc062723c751e8b465ee728b)  -> (artifact id: 'fd6c71a8a85f97d173ea966db9d82093') in 0.031212 seconds
  Import took 0.033560 seconds .

========================================================================
Received Prepare
Registering precompiled user dll's ...
Registered in 0.004650 seconds.
Begin MonoManager ReloadAssembly
Native extension for WindowsStandalone target not found
Refreshing native plugins compatible for Editor in 0.38 ms, found 0 plugins.
Preloading 0 native plugins for Editor in 0.00 ms.
Mono: successfully reloaded assembly
- Completed reload, in  1.097 seconds
Platform modules already initialized, skipping
Refreshing native plugins compatible for Editor in 0.24 ms, found 0 plugins.
Preloading 0 native plugins for Editor in 0.00 ms.
Unloading 1119 Unused Serialized files (Serialized files now loaded: 0)
System memory in use before: 63.5 MB.
System memory in use after: 63.6 MB.

Unloading 8 unused Assets to reduce memory usage. Loaded Objects now: 1711.
Total: 1.874700 ms (FindLiveObjects: 0.183800 ms CreateObjectMapping: 0.031900 ms MarkObjects: 1.582300 ms  DeleteObjects: 0.075500 ms)

========================================================================
Received Prepare
Registering precompiled user dll's ...
Registered in 0.003217 seconds.
Begin MonoManager ReloadAssembly
Native extension for WindowsStandalone target not found
Refreshing native plugins compatible for Editor in 0.42 ms, found 0 plugins.
Preloading 0 native plugins for Editor in 0.00 ms.
Mono: successfully reloaded assembly
- Completed reload, in  1.105 seconds
Platform modules already initialized, skipping
Refreshing native plugins compatible for Editor in 0.24 ms, found 0 plugins.
Preloading 0 native plugins for Editor in 0.00 ms.
Unloading 1119 Unused Serialized files (Serialized files now loaded: 0)
System memory in use before: 63.5 MB.
System memory in use after: 63.6 MB.

Unloading 8 unused Assets to reduce memory usage. Loaded Objects now: 1714.
Total: 2.553800 ms (FindLiveObjects: 0.170600 ms CreateObjectMapping: 0.030000 ms MarkObjects: 2.290100 ms  DeleteObjects: 0.061800 ms)

========================================================================
Received Prepare
Registering precompiled user dll's ...
Registered in 0.003304 seconds.
Begin MonoManager ReloadAssembly
Native extension for WindowsStandalone target not found
Refreshing native plugins compatible for Editor in 0.33 ms, found 0 plugins.
Preloading 0 native plugins for Editor in 0.00 ms.
Mono: successfully reloaded assembly
- Completed reload, in  0.953 seconds
Platform modules already initialized, skipping
Refreshing native plugins compatible for Editor in 0.24 ms, found 0 plugins.
Preloading 0 native plugins for Editor in 0.00 ms.
Unloading 1119 Unused Serialized files (Serialized files now loaded: 0)
System memory in use before: 63.5 MB.
System memory in use after: 63.6 MB.

Unloading 8 unused Assets to reduce memory usage. Loaded Objects now: 1717.
Total: 2.189800 ms (FindLiveObjects: 0.184700 ms CreateObjectMapping: 0.032000 ms MarkObjects: 1.907100 ms  DeleteObjects: 0.064200 ms)

========================================================================
Received Import Request.
  Time since last request: 2390.602732 seconds.
  path: Assets/Commad.cs
  artifactKey: Guid(0d87e5689d01ee5428e9a562fdb697cf) Importer(815301076,1909f56bfc062723c751e8b465ee728b)
Start importing Assets/Commad.cs using Guid(0d87e5689d01ee5428e9a562fdb697cf) Importer(815301076,1909f56bfc062723c751e8b465ee728b)  -> (artifact id: '78c9dc3ec606a669f57ea16134513d04') in 0.006133 seconds
  Import took 0.008938 seconds .

========================================================================
Received Prepare
Registering precompiled user dll's ...
Registered in 0.003237 seconds.
Begin MonoManager ReloadAssembly
Native extension for WindowsStandalone target not found
Refreshing native plugins compatible for Editor in 0.24 ms, found 0 plugins.
Preloading 0 native plugins for Editor in 0.00 ms.
Mono: successfully reloaded assembly
- Completed reload, in  0.937 seconds
Platform modules already initialized, skipping
Refreshing native plugins compatible for Editor in 0.27 ms, found 0 plugins.
Preloading 0 native plugins for Editor in 0.00 ms.
Unloading 1119 Unused Serialized files (Serialized files now loaded: 0)
System memory in use before: 63.6 MB.
System memory in use after: 63.6 MB.

Unloading 8 unused Assets to reduce memory usage. Loaded Objects now: 1720.
Total: 1.851400 ms (FindLiveObjects: 0.174600 ms CreateObjectMapping: 0.030000 ms MarkObjects: 1.587100 ms  DeleteObjects: 0.057500 ms)

========================================================================
Received Prepare
Registering precompiled user dll's ...
Registered in 0.003301 seconds.
Begin MonoManager ReloadAssembly
Native extension for WindowsStandalone target not found
Refreshing native plugins compatible for Editor in 0.25 ms, found 0 plugins.
Preloading 0 native plugins for Editor in 0.00 ms.
Mono: successfully reloaded assembly
- Completed reload, in  0.927 seconds
Platform modules already initialized, skipping
Refreshing native plugins compatible for Editor in 0.25 ms, found 0 plugins.
Preloading 0 native plugins for Editor in 0.00 ms.
Unloading 1119 Unused Serialized files (Serialized files now loaded: 0)
System memory in use before: 63.6 MB.
System memory in use after: 63.6 MB.

Unloading 8 unused Assets to reduce memory usage. Loaded Objects now: 1723.
Total: 1.847100 ms (FindLiveObjects: 0.181200 ms CreateObjectMapping: 0.030600 ms MarkObjects: 1.470200 ms  DeleteObjects: 0.164000 ms)

========================================================================
Received Prepare
Registering precompiled user dll's ...
Registered in 0.003300 seconds.
Begin MonoManager ReloadAssembly
Native extension for WindowsStandalone target not found
Refreshing native plugins compatible for Editor in 0.33 ms, found 0 plugins.
Preloading 0 native plugins for Editor in 0.00 ms.
Mono: successfully reloaded assembly
- Completed reload, in  1.046 seconds
Platform modules already initialized, skipping
Refreshing native plugins compatible for Editor in 0.28 ms, found 0 plugins.
Preloading 0 native plugins for Editor in 0.00 ms.
Unloading 1119 Unused Serialized files (Serialized files now loaded: 0)
System memory in use before: 63.6 MB.
System memory in use after: 63.6 MB.

Unloading 8 unused Assets to reduce memory usage. Loaded Objects now: 1726.
Total: 1.914200 ms (FindLiveObjects: 0.184600 ms CreateObjectMapping: 0.030200 ms MarkObjects: 1.640700 ms  DeleteObjects: 0.057600 ms)

========================================================================
Received Import Request.
  Time since last request: 625.213336 seconds.
  path: Assets/ButtonEffect.cs
  artifactKey: Guid(27c5247e2bc939541a9d595ce041ea07) Importer(815301076,1909f56bfc062723c751e8b465ee728b)
Start importing Assets/ButtonEffect.cs using Guid(27c5247e2bc939541a9d595ce041ea07) Importer(815301076,1909f56bfc062723c751e8b465ee728b)  -> (artifact id: '077df857b687f992efc1ce0e1f1b6e85') in 0.006924 seconds
  Import took 0.009680 seconds .

========================================================================
Received Prepare
Registering precompiled user dll's ...
Registered in 0.004267 seconds.
Begin MonoManager ReloadAssembly
Native extension for WindowsStandalone target not found
Refreshing native plugins compatible for Editor in 0.25 ms, found 0 plugins.
Preloading 0 native plugins for Editor in 0.00 ms.
Mono: successfully reloaded assembly
- Completed reload, in  0.926 seconds
Platform modules already initialized, skipping
Refreshing native plugins compatible for Editor in 0.25 ms, found 0 plugins.
Preloading 0 native plugins for Editor in 0.00 ms.
Unloading 1119 Unused Serialized files (Serialized files now loaded: 0)
System memory in use before: 63.6 MB.
System memory in use after: 63.6 MB.

Unloading 8 unused Assets to reduce memory usage. Loaded Objects now: 1729.
Total: 1.789100 ms (FindLiveObjects: 0.171600 ms CreateObjectMapping: 0.071400 ms MarkObjects: 1.487900 ms  DeleteObjects: 0.057200 ms)

========================================================================
Received Import Request.
  Time since last request: 94.473707 seconds.
  path: Assets/ButtonEffect.cs
  artifactKey: Guid(27c5247e2bc939541a9d595ce041ea07) Importer(815301076,1909f56bfc062723c751e8b465ee728b)
Start importing Assets/ButtonEffect.cs using Guid(27c5247e2bc939541a9d595ce041ea07) Importer(815301076,1909f56bfc062723c751e8b465ee728b)  -> (artifact id: '7195516b6feae9dadb4cca78219a67ad') in 0.005746 seconds
  Import took 0.008168 seconds .

========================================================================
Received Prepare
Registering precompiled user dll's ...
Registered in 0.004011 seconds.
Begin MonoManager ReloadAssembly
Native extension for WindowsStandalone target not found
Refreshing native plugins compatible for Editor in 0.52 ms, found 0 plugins.
Preloading 0 native plugins for Editor in 0.00 ms.
Mono: successfully reloaded assembly
- Completed reload, in  1.034 seconds
Platform modules already initialized, skipping
Refreshing native plugins compatible for Editor in 0.27 ms, found 0 plugins.
Preloading 0 native plugins for Editor in 0.00 ms.
Unloading 1119 Unused Serialized files (Serialized files now loaded: 0)
System memory in use before: 63.6 MB.
System memory in use after: 63.6 MB.

Unloading 8 unused Assets to reduce memory usage. Loaded Objects now: 1732.
Total: 2.331700 ms (FindLiveObjects: 0.220900 ms CreateObjectMapping: 0.034400 ms MarkObjects: 2.013800 ms  DeleteObjects: 0.061100 ms)

========================================================================
Received Prepare
Registering precompiled user dll's ...
Registered in 0.003525 seconds.
Begin MonoManager ReloadAssembly
Native extension for WindowsStandalone target not found
Refreshing native plugins compatible for Editor in 0.31 ms, found 0 plugins.
Preloading 0 native plugins for Editor in 0.00 ms.
Mono: successfully reloaded assembly
- Completed reload, in  0.899 seconds
Platform modules already initialized, skipping
Refreshing native plugins compatible for Editor in 0.28 ms, found 0 plugins.
Preloading 0 native plugins for Editor in 0.00 ms.
Unloading 1119 Unused Serialized files (Serialized files now loaded: 0)
System memory in use before: 63.6 MB.
System memory in use after: 63.7 MB.

Unloading 8 unused Assets to reduce memory usage. Loaded Objects now: 1735.
Total: 1.877700 ms (FindLiveObjects: 0.183800 ms CreateObjectMapping: 0.029700 ms MarkObjects: 1.597100 ms  DeleteObjects: 0.066100 ms)

========================================================================
Received Prepare
Registering precompiled user dll's ...
Registered in 0.003571 seconds.
Begin MonoManager ReloadAssembly
Native extension for WindowsStandalone target not found
Refreshing native plugins compatible for Editor in 0.25 ms, found 0 plugins.
Preloading 0 native plugins for Editor in 0.00 ms.
Mono: successfully reloaded assembly
- Completed reload, in  0.907 seconds
Platform modules already initialized, skipping
Refreshing native plugins compatible for Editor in 0.23 ms, found 0 plugins.
Preloading 0 native plugins for Editor in 0.00 ms.
Unloading 1119 Unused Serialized files (Serialized files now loaded: 0)
System memory in use before: 63.6 MB.
System memory in use after: 63.7 MB.

Unloading 8 unused Assets to reduce memory usage. Loaded Objects now: 1738.
Total: 1.782500 ms (FindLiveObjects: 0.191000 ms CreateObjectMapping: 0.030000 ms MarkObjects: 1.506900 ms  DeleteObjects: 0.053500 ms)

========================================================================
Received Prepare
Registering precompiled user dll's ...
Registered in 0.003226 seconds.
Begin MonoManager ReloadAssembly
Native extension for WindowsStandalone target not found
Refreshing native plugins compatible for Editor in 0.25 ms, found 0 plugins.
Preloading 0 native plugins for Editor in 0.00 ms.
Mono: successfully reloaded assembly
- Completed reload, in  0.922 seconds
Platform modules already initialized, skipping
Refreshing native plugins compatible for Editor in 0.24 ms, found 0 plugins.
Preloading 0 native plugins for Editor in 0.00 ms.
Unloading 1119 Unused Serialized files (Serialized files now loaded: 0)
System memory in use before: 63.6 MB.
System memory in use after: 63.7 MB.

Unloading 8 unused Assets to reduce memory usage. Loaded Objects now: 1741.
Total: 1.746900 ms (FindLiveObjects: 0.175000 ms CreateObjectMapping: 0.032300 ms MarkObjects: 1.486100 ms  DeleteObjects: 0.052600 ms)

========================================================================
Received Prepare
Registering precompiled user dll's ...
Registered in 0.003246 seconds.
Begin MonoManager ReloadAssembly
Native extension for WindowsStandalone target not found
Refreshing native plugins compatible for Editor in 0.23 ms, found 0 plugins.
Preloading 0 native plugins for Editor in 0.00 ms.
Mono: successfully reloaded assembly
- Completed reload, in  0.906 seconds
Platform modules already initialized, skipping
Refreshing native plugins compatible for Editor in 0.26 ms, found 0 plugins.
Preloading 0 native plugins for Editor in 0.00 ms.
Unloading 1119 Unused Serialized files (Serialized files now loaded: 0)
System memory in use before: 63.6 MB.
System memory in use after: 63.7 MB.

Unloading 8 unused Assets to reduce memory usage. Loaded Objects now: 1744.
Total: 2.115400 ms (FindLiveObjects: 0.250600 ms CreateObjectMapping: 0.047300 ms MarkObjects: 1.756000 ms  DeleteObjects: 0.060400 ms)

========================================================================
Received Prepare
Registering precompiled user dll's ...
Registered in 0.003556 seconds.
Begin MonoManager ReloadAssembly
Native extension for WindowsStandalone target not found
Refreshing native plugins compatible for Editor in 0.29 ms, found 0 plugins.
Preloading 0 native plugins for Editor in 0.00 ms.
Mono: successfully reloaded assembly
- Completed reload, in  0.912 seconds
Platform modules already initialized, skipping
Refreshing native plugins compatible for Editor in 0.23 ms, found 0 plugins.
Preloading 0 native plugins for Editor in 0.00 ms.
Unloading 1119 Unused Serialized files (Serialized files now loaded: 0)
System memory in use before: 63.6 MB.
System memory in use after: 63.7 MB.

Unloading 8 unused Assets to reduce memory usage. Loaded Objects now: 1747.
Total: 1.881300 ms (FindLiveObjects: 0.176000 ms CreateObjectMapping: 0.028700 ms MarkObjects: 1.618500 ms  DeleteObjects: 0.057200 ms)

========================================================================
Received Prepare
Registering precompiled user dll's ...
Registered in 0.003395 seconds.
Begin MonoManager ReloadAssembly
Native extension for WindowsStandalone target not found
Refreshing native plugins compatible for Editor in 0.25 ms, found 0 plugins.
Preloading 0 native plugins for Editor in 0.00 ms.
Mono: successfully reloaded assembly
- Completed reload, in  0.932 seconds
Platform modules already initialized, skipping
Refreshing native plugins compatible for Editor in 0.30 ms, found 0 plugins.
Preloading 0 native plugins for Editor in 0.00 ms.
Unloading 1119 Unused Serialized files (Serialized files now loaded: 0)
System memory in use before: 63.6 MB.
System memory in use after: 63.7 MB.

Unloading 8 unused Assets to reduce memory usage. Loaded Objects now: 1750.
Total: 2.040400 ms (FindLiveObjects: 0.193600 ms CreateObjectMapping: 0.033000 ms MarkObjects: 1.745900 ms  DeleteObjects: 0.066300 ms)

========================================================================
Received Import Request.
  Time since last request: 2252.012854 seconds.
  path: Assets/Key.cs
  artifactKey: Guid(dc5907988e449e447a5c24ca9964bab4) Importer(815301076,1909f56bfc062723c751e8b465ee728b)
Start importing Assets/Key.cs using Guid(dc5907988e449e447a5c24ca9964bab4) Importer(815301076,1909f56bfc062723c751e8b465ee728b)  -> (artifact id: 'bfa878d67e81868d26b153a6af94f863') in 0.006582 seconds
  Import took 0.008785 seconds .

========================================================================
Received Prepare
Registering precompiled user dll's ...
Registered in 0.003245 seconds.
Begin MonoManager ReloadAssembly
Native extension for WindowsStandalone target not found
Refreshing native plugins compatible for Editor in 0.24 ms, found 0 plugins.
Preloading 0 native plugins for Editor in 0.00 ms.
Mono: successfully reloaded assembly
- Completed reload, in  0.930 seconds
Platform modules already initialized, skipping
Refreshing native plugins compatible for Editor in 0.40 ms, found 0 plugins.
Preloading 0 native plugins for Editor in 0.00 ms.
Unloading 1118 Unused Serialized files (Serialized files now loaded: 0)
System memory in use before: 63.6 MB.
System memory in use after: 63.7 MB.

Unloading 9 unused Assets to reduce memory usage. Loaded Objects now: 1752.
Total: 2.731900 ms (FindLiveObjects: 0.371700 ms CreateObjectMapping: 0.042900 ms MarkObjects: 2.249800 ms  DeleteObjects: 0.065500 ms)

========================================================================
Received Import Request.
  Time since last request: 35.230694 seconds.
  path: Assets/Commad.cs
  artifactKey: Guid(0d87e5689d01ee5428e9a562fdb697cf) Importer(815301076,1909f56bfc062723c751e8b465ee728b)
Start importing Assets/Commad.cs using Guid(0d87e5689d01ee5428e9a562fdb697cf) Importer(815301076,1909f56bfc062723c751e8b465ee728b)  -> (artifact id: '6bc1ffbdd6da164ceb8672ab84d91cfb') in 0.006158 seconds
  Import took 0.008351 seconds .

========================================================================
Received Import Request.
  Time since last request: 0.765058 seconds.
  path: Assets/CubeContorl.cs
  artifactKey: Guid(f37025bc46db1df48bfc813430433898) Importer(815301076,1909f56bfc062723c751e8b465ee728b)
Start importing Assets/CubeContorl.cs using Guid(f37025bc46db1df48bfc813430433898) Importer(815301076,1909f56bfc062723c751e8b465ee728b)  -> (artifact id: '3d0ef049328814568b50848f66af96c5') in 0.004189 seconds
  Import took 0.006415 seconds .

========================================================================
Received Import Request.
  Time since last request: 1.932383 seconds.
  path: Assets/Save.cs
  artifactKey: Guid(c09f360fdb371d34ea943a33bb19844f) Importer(815301076,1909f56bfc062723c751e8b465ee728b)
Start importing Assets/Save.cs using Guid(c09f360fdb371d34ea943a33bb19844f) Importer(815301076,1909f56bfc062723c751e8b465ee728b)  -> (artifact id: '666459bc1785c3b98420f4b6c9e73d96') in 0.003915 seconds
  Import took 0.006389 seconds .

========================================================================
Received Import Request.
  Time since last request: 0.000622 seconds.
  path: Assets/Save.cs
  artifactKey: Guid(c09f360fdb371d34ea943a33bb19844f) Importer(815301076,1909f56bfc062723c751e8b465ee728b)
Start importing Assets/Save.cs using Guid(c09f360fdb371d34ea943a33bb19844f) Importer(815301076,1909f56bfc062723c751e8b465ee728b)  -> (artifact id: '666459bc1785c3b98420f4b6c9e73d96') in 0.004168 seconds
  Import took 0.006212 seconds .

========================================================================
Received Import Request.
  Time since last request: 1.170289 seconds.
  path: Assets/KeySetting.cs
  artifactKey: Guid(4c902d79e22a9ba4f96c538d9a36d1c8) Importer(815301076,1909f56bfc062723c751e8b465ee728b)
Start importing Assets/KeySetting.cs using Guid(4c902d79e22a9ba4f96c538d9a36d1c8) Importer(815301076,1909f56bfc062723c751e8b465ee728b)  -> (artifact id: 'bcb3857aa1cf1bec5d3a065f16480287') in 0.004906 seconds
  Import took 0.007133 seconds .

========================================================================
Received Prepare
Registering precompiled user dll's ...
Registered in 0.003112 seconds.
Begin MonoManager ReloadAssembly
Native extension for WindowsStandalone target not found
Refreshing native plugins compatible for Editor in 0.26 ms, found 0 plugins.
Preloading 0 native plugins for Editor in 0.00 ms.
Mono: successfully reloaded assembly
- Completed reload, in  0.927 seconds
Platform modules already initialized, skipping
Refreshing native plugins compatible for Editor in 0.26 ms, found 0 plugins.
Preloading 0 native plugins for Editor in 0.00 ms.
Unloading 1118 Unused Serialized files (Serialized files now loaded: 0)
System memory in use before: 63.6 MB.
System memory in use after: 63.7 MB.

Unloading 8 unused Assets to reduce memory usage. Loaded Objects now: 1755.
Total: 2.029800 ms (FindLiveObjects: 0.167200 ms CreateObjectMapping: 0.045200 ms MarkObjects: 1.756600 ms  DeleteObjects: 0.059800 ms)

========================================================================
Received Prepare
Registering precompiled user dll's ...
Registered in 0.003864 seconds.
Begin MonoManager ReloadAssembly
Native extension for WindowsStandalone target not found
Refreshing native plugins compatible for Editor in 0.24 ms, found 0 plugins.
Preloading 0 native plugins for Editor in 0.00 ms.
Mono: successfully reloaded assembly
- Completed reload, in  0.905 seconds
Platform modules already initialized, skipping
Refreshing native plugins compatible for Editor in 0.24 ms, found 0 plugins.
Preloading 0 native plugins for Editor in 0.00 ms.
Unloading 1118 Unused Serialized files (Serialized files now loaded: 0)
System memory in use before: 63.6 MB.
System memory in use after: 63.7 MB.

Unloading 8 unused Assets to reduce memory usage. Loaded Objects now: 1758.
Total: 1.823700 ms (FindLiveObjects: 0.175400 ms CreateObjectMapping: 0.028900 ms MarkObjects: 1.557000 ms  DeleteObjects: 0.061300 ms)

========================================================================
Received Prepare
Registering precompiled user dll's ...
Registered in 0.003155 seconds.
Begin MonoManager ReloadAssembly
Native extension for WindowsStandalone target not found
Refreshing native plugins compatible for Editor in 0.30 ms, found 0 plugins.
Preloading 0 native plugins for Editor in 0.00 ms.
Mono: successfully reloaded assembly
- Completed reload, in  0.930 seconds
Platform modules already initialized, skipping
Refreshing native plugins compatible for Editor in 0.24 ms, found 0 plugins.
Preloading 0 native plugins for Editor in 0.00 ms.
Unloading 1118 Unused Serialized files (Serialized files now loaded: 0)
System memory in use before: 63.6 MB.
System memory in use after: 63.7 MB.

Unloading 8 unused Assets to reduce memory usage. Loaded Objects now: 1761.
Total: 2.093300 ms (FindLiveObjects: 0.190500 ms CreateObjectMapping: 0.032700 ms MarkObjects: 1.806500 ms  DeleteObjects: 0.062700 ms)

========================================================================
Received Prepare
Registering precompiled user dll's ...
Registered in 0.003294 seconds.
Begin MonoManager ReloadAssembly
Native extension for WindowsStandalone target not found
Refreshing native plugins compatible for Editor in 0.45 ms, found 0 plugins.
Preloading 0 native plugins for Editor in 0.00 ms.
Mono: successfully reloaded assembly
- Completed reload, in  1.010 seconds
Platform modules already initialized, skipping
Refreshing native plugins compatible for Editor in 0.28 ms, found 0 plugins.
Preloading 0 native plugins for Editor in 0.00 ms.
Unloading 1118 Unused Serialized files (Serialized files now loaded: 0)
System memory in use before: 63.6 MB.
System memory in use after: 63.7 MB.

Unloading 8 unused Assets to reduce memory usage. Loaded Objects now: 1764.
Total: 2.589500 ms (FindLiveObjects: 0.319700 ms CreateObjectMapping: 0.058800 ms MarkObjects: 2.149800 ms  DeleteObjects: 0.059600 ms)

========================================================================
Received Prepare
Registering precompiled user dll's ...
Registered in 0.003173 seconds.
Begin MonoManager ReloadAssembly
Native extension for WindowsStandalone target not found
Refreshing native plugins compatible for Editor in 0.35 ms, found 0 plugins.
Preloading 0 native plugins for Editor in 0.00 ms.
Mono: successfully reloaded assembly
- Completed reload, in  0.967 seconds
Platform modules already initialized, skipping
Refreshing native plugins compatible for Editor in 0.24 ms, found 0 plugins.
Preloading 0 native plugins for Editor in 0.00 ms.
Unloading 1118 Unused Serialized files (Serialized files now loaded: 0)
System memory in use before: 63.6 MB.
System memory in use after: 63.7 MB.

Unloading 8 unused Assets to reduce memory usage. Loaded Objects now: 1767.
Total: 1.876900 ms (FindLiveObjects: 0.190500 ms CreateObjectMapping: 0.030400 ms MarkObjects: 1.594900 ms  DeleteObjects: 0.059900 ms)

========================================================================
Received Prepare
Registering precompiled user dll's ...
Registered in 0.003483 seconds.
Begin MonoManager ReloadAssembly
Native extension for WindowsStandalone target not found
Refreshing native plugins compatible for Editor in 0.32 ms, found 0 plugins.
Preloading 0 native plugins for Editor in 0.00 ms.
Mono: successfully reloaded assembly
- Completed reload, in  0.974 seconds
Platform modules already initialized, skipping
Refreshing native plugins compatible for Editor in 0.23 ms, found 0 plugins.
Preloading 0 native plugins for Editor in 0.00 ms.
Unloading 1118 Unused Serialized files (Serialized files now loaded: 0)
System memory in use before: 63.6 MB.
System memory in use after: 63.7 MB.

Unloading 8 unused Assets to reduce memory usage. Loaded Objects now: 1770.
Total: 1.686200 ms (FindLiveObjects: 0.164800 ms CreateObjectMapping: 0.029400 ms MarkObjects: 1.439300 ms  DeleteObjects: 0.051500 ms)

========================================================================
Received Prepare
Registering precompiled user dll's ...
Registered in 0.003380 seconds.
Begin MonoManager ReloadAssembly
Native extension for WindowsStandalone target not found
Refreshing native plugins compatible for Editor in 0.27 ms, found 0 plugins.
Preloading 0 native plugins for Editor in 0.00 ms.
Mono: successfully reloaded assembly
- Completed reload, in  1.071 seconds
Platform modules already initialized, skipping
Refreshing native plugins compatible for Editor in 0.23 ms, found 0 plugins.
Preloading 0 native plugins for Editor in 0.00 ms.
Unloading 1118 Unused Serialized files (Serialized files now loaded: 0)
System memory in use before: 63.6 MB.
System memory in use after: 63.7 MB.

Unloading 8 unused Assets to reduce memory usage. Loaded Objects now: 1773.
Total: 2.087800 ms (FindLiveObjects: 0.199300 ms CreateObjectMapping: 0.031100 ms MarkObjects: 1.782600 ms  DeleteObjects: 0.073100 ms)

========================================================================
Received Prepare
Registering precompiled user dll's ...
Registered in 0.003188 seconds.
Begin MonoManager ReloadAssembly
Native extension for WindowsStandalone target not found
Refreshing native plugins compatible for Editor in 0.26 ms, found 0 plugins.
Preloading 0 native plugins for Editor in 0.00 ms.
Mono: successfully reloaded assembly
- Completed reload, in  0.935 seconds
Platform modules already initialized, skipping
Refreshing native plugins compatible for Editor in 0.31 ms, found 0 plugins.
Preloading 0 native plugins for Editor in 0.00 ms.
Unloading 1118 Unused Serialized files (Serialized files now loaded: 0)
System memory in use before: 63.6 MB.
System memory in use after: 63.7 MB.

Unloading 8 unused Assets to reduce memory usage. Loaded Objects now: 1776.
Total: 1.771900 ms (FindLiveObjects: 0.182000 ms CreateObjectMapping: 0.029300 ms MarkObjects: 1.495700 ms  DeleteObjects: 0.063900 ms)

AssetImportWorkerClient::OnTransportError - code=2 error=End of file
